[2025-06-05 06:13:50] Rise of Kingdoms Gem Farming Bot with EXPANDING SPIRAL Navigation (Day/Night Scan) - Starting...
[2025-06-05 06:13:50] Farming duration per cycle: 300 seconds.
[2025-06-05 06:13:50] Max retries for steps after initial click: 3
[2025-06-05 06:13:50] IMPORTANT: Ensure the Rise of Kingdoms game window is ACTIVE and in the FOREGROUND.
[2025-06-05 06:13:50]            The bot will start actions after the initial countdown.
[2025-06-05 06:13:50]            To STOP the bot, move your mouse to a screen corner quickly (FAILSAFE).
[2025-06-05 06:13:50]            You can also try Ctrl+C in the console window.
[2025-06-05 06:13:50] DEBUG_TAKE_SCREENSHOT_AFTER_FIRST_CLICK is set to: True
[2025-06-05 06:13:50] DEBUG_TAKE_SCREENSHOT_IF_GATHER_FAILS is set to: True
[2025-06-05 06:13:50] USE_ALT_CLICK_METHOD is set to: False
[2025-06-05 06:13:50] CONFIDENCE_GATHER is set to: 0.8
[2025-06-05 06:13:50] CONFIDENCE_GEM (for Day/Night) is set to: 0.8
[2025-06-05 06:13:50] Screenshot directory: C:\Users\Shadow\Desktop\project\rok-bot\rok_bot\debug_screenshots
[2025-06-05 06:13:50] Starting in 5 seconds... Switch to game, ensure it's ACTIVE & ADMIN rights!
[2025-06-05 06:13:51] Starting in 4 seconds... Switch to game, ensure it's ACTIVE & ADMIN rights!
[2025-06-05 06:13:52] Starting in 3 seconds... Switch to game, ensure it's ACTIVE & ADMIN rights!
[2025-06-05 06:13:53] Starting in 2 seconds... Switch to game, ensure it's ACTIVE & ADMIN rights!
[2025-06-05 06:13:54] Starting in 1 seconds... Switch to game, ensure it's ACTIVE & ADMIN rights!
[2025-06-05 06:13:55] 
Bot active! Systematic 'snake' navigation will begin.
[2025-06-05 06:13:55] Search pattern: snake
[2025-06-05 06:13:55] Horizontal pass scroll units (config name: SNAKE_HORIZONTAL_PASS_UNITS): 100
[2025-06-05 06:13:55] Vertical shift units (config name: SNAKE_VERTICAL_SHIFT_UNITS): 20
[2025-06-05 06:13:55] Scans per horizontal pass: 5
[2025-06-05 06:13:55] Scroll segment duration: 0.2s
[2025-06-05 06:13:55] Pause if no gem found: 0.5s
[2025-06-05 06:13:55] Post-scroll pause (local setting): 0.3s
[2025-06-05 06:13:55] Vertical shift scroll duration (local setting, based on segment duration): 0.2s
[2025-06-05 06:13:55] 
--- Starting new horizontal pass (Pass #1) ---
[2025-06-05 06:13:55] Current horizontal direction: right
[2025-06-05 06:13:55] 
Segment 1/5 of horizontal pass.
[2025-06-05 06:13:55] Scrolling right for 0.2s...
[2025-06-05 06:13:55] Scroll segment complete.
[2025-06-05 06:13:56] Scanning for gem deposits (Day or Night)...
[2025-06-05 06:13:56] Searching for 'Gem Icon GemDeposit01.png' (file: C:\Users\Shadow\Desktop\project\rok-bot\rok_bot\images/GemDeposit01.png) with confidence 0.80, grayscale: True...
[2025-06-05 06:13:56] Searching for 'Gem Icon GemDeposit02.png' (file: C:\Users\Shadow\Desktop\project\rok-bot\rok_bot\images/GemDeposit02.png) with confidence 0.80, grayscale: True...
[2025-06-05 06:13:56] Searching for 'Gem Icon GemDeposit03.png' (file: C:\Users\Shadow\Desktop\project\rok-bot\rok_bot\images/GemDeposit03.png) with confidence 0.80, grayscale: True...
[2025-06-05 06:13:57] Searching for 'Gem Icon GemDeposit04.png' (file: C:\Users\Shadow\Desktop\project\rok-bot\rok_bot\images/GemDeposit04.png) with confidence 0.80, grayscale: True...
[2025-06-05 06:13:57] Searching for 'Gem Icon GemDeposit05.png' (file: C:\Users\Shadow\Desktop\project\rok-bot\rok_bot\images/GemDeposit05.png) with confidence 0.80, grayscale: True...
[2025-06-05 06:13:57] Searching for 'Gem Icon GemDeposit06.png' (file: C:\Users\Shadow\Desktop\project\rok-bot\rok_bot\images/GemDeposit06.png) with confidence 0.80, grayscale: True...
[2025-06-05 06:13:58] Searching for 'Gem Icon GemDeposit07.png' (file: C:\Users\Shadow\Desktop\project\rok-bot\rok_bot\images/GemDeposit07.png) with confidence 0.80, grayscale: True...
[2025-06-05 06:13:58] Searching for 'Gem Icon GemDeposit08.png' (file: C:\Users\Shadow\Desktop\project\rok-bot\rok_bot\images/GemDeposit08.png) with confidence 0.80, grayscale: True...
[2025-06-05 06:13:58] Searching for 'Gem Icon GemDepositD01.png' (file: C:\Users\Shadow\Desktop\project\rok-bot\rok_bot\images/GemDepositD01.png) with confidence 0.80, grayscale: True...
[2025-06-05 06:13:59] Searching for 'Gem Icon GemDepositD02.png' (file: C:\Users\Shadow\Desktop\project\rok-bot\rok_bot\images/GemDepositD02.png) with confidence 0.80, grayscale: True...
[2025-06-05 06:13:59] Searching for 'Gem Icon GemDepositD03.png' (file: C:\Users\Shadow\Desktop\project\rok-bot\rok_bot\images/GemDepositD03.png) with confidence 0.80, grayscale: True...
[2025-06-05 06:13:59] Searching for 'Gem Icon GemDepositD04.png' (file: C:\Users\Shadow\Desktop\project\rok-bot\rok_bot\images/GemDepositD04.png) with confidence 0.80, grayscale: True...
[2025-06-05 06:14:00] Searching for 'Gem Icon GemDepositD05.png' (file: C:\Users\Shadow\Desktop\project\rok-bot\rok_bot\images/GemDepositD05.png) with confidence 0.80, grayscale: True...
[2025-06-05 06:14:00] Searching for 'Gem Icon GemDepositD06.png' (file: C:\Users\Shadow\Desktop\project\rok-bot\rok_bot\images/GemDepositD06.png) with confidence 0.80, grayscale: True...
[2025-06-05 06:14:00] Searching for 'Gem Icon GemDepositD07.png' (file: C:\Users\Shadow\Desktop\project\rok-bot\rok_bot\images/GemDepositD07.png) with confidence 0.80, grayscale: True...
[2025-06-05 06:14:01] Searching for 'Gem Icon GemDepositD08.png' (file: C:\Users\Shadow\Desktop\project\rok-bot\rok_bot\images/GemDepositD08.png) with confidence 0.80, grayscale: True...
[2025-06-05 06:14:01] Searching for 'Gem Deposit (Day)' (file: C:\Users\Shadow\Desktop\project\rok-bot\rok_bot\images/gem_deposit_template.png) with confidence 0.80, grayscale: True...
[2025-06-05 06:14:01] Searching for 'Gem Deposit (Night)' (file: C:\Users\Shadow\Desktop\project\rok-bot\rok_bot\images/gem_deposit_template_night.png) with confidence 0.80, grayscale: True...
[2025-06-05 06:14:02] No gem deposit found in current view. Pausing for 0.5s.
[2025-06-05 06:14:02] 
Segment 2/5 of horizontal pass.
[2025-06-05 06:14:02] Scrolling right for 0.2s...
[2025-06-05 06:14:03] Scroll segment complete.
[2025-06-05 06:14:03] Scanning for gem deposits (Day or Night)...
[2025-06-05 06:14:03] Searching for 'Gem Icon GemDeposit01.png' (file: C:\Users\Shadow\Desktop\project\rok-bot\rok_bot\images/GemDeposit01.png) with confidence 0.80, grayscale: True...
[2025-06-05 06:14:03] Searching for 'Gem Icon GemDeposit02.png' (file: C:\Users\Shadow\Desktop\project\rok-bot\rok_bot\images/GemDeposit02.png) with confidence 0.80, grayscale: True...
[2025-06-05 06:14:04] Searching for 'Gem Icon GemDeposit03.png' (file: C:\Users\Shadow\Desktop\project\rok-bot\rok_bot\images/GemDeposit03.png) with confidence 0.80, grayscale: True...
[2025-06-05 06:14:04] Searching for 'Gem Icon GemDeposit04.png' (file: C:\Users\Shadow\Desktop\project\rok-bot\rok_bot\images/GemDeposit04.png) with confidence 0.80, grayscale: True...
[2025-06-05 06:14:04] Searching for 'Gem Icon GemDeposit05.png' (file: C:\Users\Shadow\Desktop\project\rok-bot\rok_bot\images/GemDeposit05.png) with confidence 0.80, grayscale: True...
[2025-06-05 06:14:05] Searching for 'Gem Icon GemDeposit06.png' (file: C:\Users\Shadow\Desktop\project\rok-bot\rok_bot\images/GemDeposit06.png) with confidence 0.80, grayscale: True...
[2025-06-05 06:14:05] Searching for 'Gem Icon GemDeposit07.png' (file: C:\Users\Shadow\Desktop\project\rok-bot\rok_bot\images/GemDeposit07.png) with confidence 0.80, grayscale: True...
[2025-06-05 06:14:05] Searching for 'Gem Icon GemDeposit08.png' (file: C:\Users\Shadow\Desktop\project\rok-bot\rok_bot\images/GemDeposit08.png) with confidence 0.80, grayscale: True...
[2025-06-05 06:14:05] Searching for 'Gem Icon GemDepositD01.png' (file: C:\Users\Shadow\Desktop\project\rok-bot\rok_bot\images/GemDepositD01.png) with confidence 0.80, grayscale: True...
[2025-06-05 06:14:06] Searching for 'Gem Icon GemDepositD02.png' (file: C:\Users\Shadow\Desktop\project\rok-bot\rok_bot\images/GemDepositD02.png) with confidence 0.80, grayscale: True...
[2025-06-05 06:14:06] Searching for 'Gem Icon GemDepositD03.png' (file: C:\Users\Shadow\Desktop\project\rok-bot\rok_bot\images/GemDepositD03.png) with confidence 0.80, grayscale: True...
[2025-06-05 06:14:06] Searching for 'Gem Icon GemDepositD04.png' (file: C:\Users\Shadow\Desktop\project\rok-bot\rok_bot\images/GemDepositD04.png) with confidence 0.80, grayscale: True...
[2025-06-05 06:14:07] Searching for 'Gem Icon GemDepositD05.png' (file: C:\Users\Shadow\Desktop\project\rok-bot\rok_bot\images/GemDepositD05.png) with confidence 0.80, grayscale: True...
[2025-06-05 06:14:07] Searching for 'Gem Icon GemDepositD06.png' (file: C:\Users\Shadow\Desktop\project\rok-bot\rok_bot\images/GemDepositD06.png) with confidence 0.80, grayscale: True...
[2025-06-05 06:14:07] Searching for 'Gem Icon GemDepositD07.png' (file: C:\Users\Shadow\Desktop\project\rok-bot\rok_bot\images/GemDepositD07.png) with confidence 0.80, grayscale: True...
[2025-06-05 06:14:08] Found 'Gem Icon GemDepositD07.png' at: Box(left=np.int64(1183), top=np.int64(1030), width=16, height=20)
[2025-06-05 06:14:08] GEM SPOTTED at Box(left=np.int64(1183), top=np.int64(1030), width=16, height=20)! Pausing navigation to attempt farming.
[2025-06-05 06:14:08] 
--- Attempting to farm located gem ---
[2025-06-05 06:14:08] Calculated center for 'Click Located Initial Gem': (1191, 1040)
[2025-06-05 06:14:08] Current mouse position BEFORE move: (531, 879)
[2025-06-05 06:14:08] Mouse moved to (1191, 1040) for 'Click Located Initial Gem' over 0.5s.
[2025-06-05 06:14:08] Waiting 0.40s before clicking 'Click Located Initial Gem'...
[2025-06-05 06:14:09] Using standard click method for 'Click Located Initial Gem'.
[2025-06-05 06:14:09] Action resembling click performed for 'Click Located Initial Gem' at (1191, 1040)
[2025-06-05 06:14:09] DEBUG: Screenshot after initial click on located gem saved to C:\Users\Shadow\Desktop\project\rok-bot\rok_bot\debug_screenshots\after_initial_click_on_located_gem_20250605-061409.png. EXAMINE THIS.
[2025-06-05 06:14:09]        Verify if the game menu opened and if the 'Gather Button' is visible.
[2025-06-05 06:14:11] Searching for 'Verify Gem Gem.png' (file: C:\Users\Shadow\Desktop\project\rok-bot\rok_bot\images/Gem.png) with confidence 0.85, grayscale: True...
[2025-06-05 06:14:12] Found 'Verify Gem Gem.png' at: Box(left=np.int64(1468), top=np.int64(912), width=20, height=40)
[2025-06-05 06:14:12] Searching for 'Already Gathering (self)' (file: C:\Users\Shadow\Desktop\project\rok-bot\rok_bot\images/Gathering.png) with confidence 0.85, grayscale: True...
[2025-06-05 06:14:12] Searching for 'Already Gathering (self)' (file: C:\Users\Shadow\Desktop\project\rok-bot\rok_bot\images/Gathering2.png) with confidence 0.85, grayscale: True...
[2025-06-05 06:14:12] Searching for 'Gathered by Ally' (file: C:\Users\Shadow\Desktop\project\rok-bot\rok_bot\images/GatheringByAlly.png) with confidence 0.85, grayscale: True...
[2025-06-05 06:14:13] Searching for 'Gathered by Ally' (file: C:\Users\Shadow\Desktop\project\rok-bot\rok_bot\images/GatheringByAlly2.png) with confidence 0.85, grayscale: True...
[2025-06-05 06:14:13] Searching for 'Gathered by Enemy' (file: C:\Users\Shadow\Desktop\project\rok-bot\rok_bot\images/GatheringByEnemy.png) with confidence 0.85, grayscale: True...
[2025-06-05 06:14:13] Searching for 'Gathered by Enemy' (file: C:\Users\Shadow\Desktop\project\rok-bot\rok_bot\images/GatheringByEnemy2.png) with confidence 0.85, grayscale: True...
[2025-06-05 06:14:14] Searching for 'Gathered by Member' (file: C:\Users\Shadow\Desktop\project\rok-bot\rok_bot\images/GatheringByMember.png) with confidence 0.85, grayscale: True...
[2025-06-05 06:14:14] Searching for 'Gathered by Member' (file: C:\Users\Shadow\Desktop\project\rok-bot\rok_bot\images/GatheringByMember2.png) with confidence 0.85, grayscale: True...
[2025-06-05 06:14:14] Searching for 'Marching to Deposit' (file: C:\Users\Shadow\Desktop\project\rok-bot\rok_bot\images/GatheringBySelf.png) with confidence 0.85, grayscale: True...
[2025-06-05 06:14:15] Found 'Marching to Deposit' at: Box(left=np.int64(0), top=np.int64(0), width=4, height=4)
[2025-06-05 06:14:15] Troops already marching to this deposit. Skipping.
[2025-06-05 06:14:15] Deposit not available after verification. Skipping.
[2025-06-05 06:14:15] Farming attempt failed for the spotted gem. Resuming search.
[2025-06-05 06:14:15] Short pause before resuming map interaction...
[2025-06-05 06:14:17] Continuing with the current search pass after farming attempt...
[2025-06-05 06:14:17] 
Segment 3/5 of horizontal pass.
[2025-06-05 06:14:17] Scanning for gem deposits (Day or Night)...
[2025-06-05 06:14:17] Searching for 'Gem Icon GemDeposit01.png' (file: C:\Users\Shadow\Desktop\project\rok-bot\rok_bot\images/GemDeposit01.png) with confidence 0.80, grayscale: True...
[2025-06-05 06:14:17] Searching for 'Gem Icon GemDeposit02.png' (file: C:\Users\Shadow\Desktop\project\rok-bot\rok_bot\images/GemDeposit02.png) with confidence 0.80, grayscale: True...
[2025-06-05 06:14:17] Searching for 'Gem Icon GemDeposit03.png' (file: C:\Users\Shadow\Desktop\project\rok-bot\rok_bot\images/GemDeposit03.png) with confidence 0.80, grayscale: True...
[2025-06-05 06:14:18] Searching for 'Gem Icon GemDeposit04.png' (file: C:\Users\Shadow\Desktop\project\rok-bot\rok_bot\images/GemDeposit04.png) with confidence 0.80, grayscale: True...
[2025-06-05 06:14:18] Searching for 'Gem Icon GemDeposit05.png' (file: C:\Users\Shadow\Desktop\project\rok-bot\rok_bot\images/GemDeposit05.png) with confidence 0.80, grayscale: True...
[2025-06-05 06:14:18] Searching for 'Gem Icon GemDeposit06.png' (file: C:\Users\Shadow\Desktop\project\rok-bot\rok_bot\images/GemDeposit06.png) with confidence 0.80, grayscale: True...
[2025-06-05 06:14:18] Searching for 'Gem Icon GemDeposit07.png' (file: C:\Users\Shadow\Desktop\project\rok-bot\rok_bot\images/GemDeposit07.png) with confidence 0.80, grayscale: True...
[2025-06-05 06:14:19] Searching for 'Gem Icon GemDeposit08.png' (file: C:\Users\Shadow\Desktop\project\rok-bot\rok_bot\images/GemDeposit08.png) with confidence 0.80, grayscale: True...
[2025-06-05 06:14:19] Searching for 'Gem Icon GemDepositD01.png' (file: C:\Users\Shadow\Desktop\project\rok-bot\rok_bot\images/GemDepositD01.png) with confidence 0.80, grayscale: True...
[2025-06-05 06:14:19] Searching for 'Gem Icon GemDepositD02.png' (file: C:\Users\Shadow\Desktop\project\rok-bot\rok_bot\images/GemDepositD02.png) with confidence 0.80, grayscale: True...
[2025-06-05 06:14:20] Searching for 'Gem Icon GemDepositD03.png' (file: C:\Users\Shadow\Desktop\project\rok-bot\rok_bot\images/GemDepositD03.png) with confidence 0.80, grayscale: True...
[2025-06-05 06:14:20] Searching for 'Gem Icon GemDepositD04.png' (file: C:\Users\Shadow\Desktop\project\rok-bot\rok_bot\images/GemDepositD04.png) with confidence 0.80, grayscale: True...
[2025-06-05 06:14:20] Searching for 'Gem Icon GemDepositD05.png' (file: C:\Users\Shadow\Desktop\project\rok-bot\rok_bot\images/GemDepositD05.png) with confidence 0.80, grayscale: True...
[2025-06-05 06:14:21] Searching for 'Gem Icon GemDepositD06.png' (file: C:\Users\Shadow\Desktop\project\rok-bot\rok_bot\images/GemDepositD06.png) with confidence 0.80, grayscale: True...
[2025-06-05 06:14:21] Searching for 'Gem Icon GemDepositD07.png' (file: C:\Users\Shadow\Desktop\project\rok-bot\rok_bot\images/GemDepositD07.png) with confidence 0.80, grayscale: True...
[2025-06-05 06:14:21] Searching for 'Gem Icon GemDepositD08.png' (file: C:\Users\Shadow\Desktop\project\rok-bot\rok_bot\images/GemDepositD08.png) with confidence 0.80, grayscale: True...
[2025-06-05 06:14:22] Searching for 'Gem Deposit (Day)' (file: C:\Users\Shadow\Desktop\project\rok-bot\rok_bot\images/gem_deposit_template.png) with confidence 0.80, grayscale: True...
[2025-06-05 06:14:22] Searching for 'Gem Deposit (Night)' (file: C:\Users\Shadow\Desktop\project\rok-bot\rok_bot\images/gem_deposit_template_night.png) with confidence 0.80, grayscale: True...
[2025-06-05 06:14:22] Found 'Gem Deposit (Night)' at: Box(left=np.int64(1019), top=np.int64(650), width=44, height=37)
[2025-06-05 06:14:22] GEM SPOTTED at Box(left=np.int64(1019), top=np.int64(650), width=44, height=37)! Pausing navigation to attempt farming.
[2025-06-05 06:14:22] 
--- Attempting to farm located gem ---
[2025-06-05 06:14:22] Calculated center for 'Click Located Initial Gem': (1041, 668)
[2025-06-05 06:14:22] Current mouse position BEFORE move: (1191, 1040)
[2025-06-05 06:14:23] Mouse moved to (1041, 668) for 'Click Located Initial Gem' over 0.5s.
[2025-06-05 06:14:23] Waiting 0.40s before clicking 'Click Located Initial Gem'...
[2025-06-05 06:14:23] Using standard click method for 'Click Located Initial Gem'.
[2025-06-05 06:14:23] Action resembling click performed for 'Click Located Initial Gem' at (1041, 668)
[2025-06-05 06:14:24] DEBUG: Screenshot after initial click on located gem saved to C:\Users\Shadow\Desktop\project\rok-bot\rok_bot\debug_screenshots\after_initial_click_on_located_gem_20250605-061423.png. EXAMINE THIS.
[2025-06-05 06:14:24]        Verify if the game menu opened and if the 'Gather Button' is visible.
[2025-06-05 06:14:26] Searching for 'Verify Gem Gem.png' (file: C:\Users\Shadow\Desktop\project\rok-bot\rok_bot\images/Gem.png) with confidence 0.85, grayscale: True...
[2025-06-05 06:14:26] Found 'Verify Gem Gem.png' at: Box(left=np.int64(1468), top=np.int64(912), width=20, height=40)
[2025-06-05 06:14:26] Searching for 'Already Gathering (self)' (file: C:\Users\Shadow\Desktop\project\rok-bot\rok_bot\images/Gathering.png) with confidence 0.85, grayscale: True...
[2025-06-05 06:14:26] Searching for 'Already Gathering (self)' (file: C:\Users\Shadow\Desktop\project\rok-bot\rok_bot\images/Gathering2.png) with confidence 0.85, grayscale: True...
[2025-06-05 06:14:27] Searching for 'Gathered by Ally' (file: C:\Users\Shadow\Desktop\project\rok-bot\rok_bot\images/GatheringByAlly.png) with confidence 0.85, grayscale: True...
[2025-06-05 06:14:27] Searching for 'Gathered by Ally' (file: C:\Users\Shadow\Desktop\project\rok-bot\rok_bot\images/GatheringByAlly2.png) with confidence 0.85, grayscale: True...
[2025-06-05 06:14:27] Searching for 'Gathered by Enemy' (file: C:\Users\Shadow\Desktop\project\rok-bot\rok_bot\images/GatheringByEnemy.png) with confidence 0.85, grayscale: True...
[2025-06-05 06:14:28] Searching for 'Gathered by Enemy' (file: C:\Users\Shadow\Desktop\project\rok-bot\rok_bot\images/GatheringByEnemy2.png) with confidence 0.85, grayscale: True...
[2025-06-05 06:14:28] Searching for 'Gathered by Member' (file: C:\Users\Shadow\Desktop\project\rok-bot\rok_bot\images/GatheringByMember.png) with confidence 0.85, grayscale: True...
[2025-06-05 06:14:28] Searching for 'Gathered by Member' (file: C:\Users\Shadow\Desktop\project\rok-bot\rok_bot\images/GatheringByMember2.png) with confidence 0.85, grayscale: True...
[2025-06-05 06:14:29] Searching for 'Marching to Deposit' (file: C:\Users\Shadow\Desktop\project\rok-bot\rok_bot\images/GatheringBySelf.png) with confidence 0.85, grayscale: True...
[2025-06-05 06:14:29] Found 'Marching to Deposit' at: Box(left=np.int64(0), top=np.int64(0), width=4, height=4)
[2025-06-05 06:14:29] Troops already marching to this deposit. Skipping.
[2025-06-05 06:14:29] Deposit not available after verification. Skipping.
[2025-06-05 06:14:29] Farming attempt failed for the spotted gem. Resuming search.
[2025-06-05 06:14:29] Short pause before resuming map interaction...
[2025-06-05 06:14:31] Continuing with the current search pass after farming attempt...
[2025-06-05 06:14:31] 
Segment 4/5 of horizontal pass.
[2025-06-05 06:14:31] Scanning for gem deposits (Day or Night)...
[2025-06-05 06:14:31] Searching for 'Gem Icon GemDeposit01.png' (file: C:\Users\Shadow\Desktop\project\rok-bot\rok_bot\images/GemDeposit01.png) with confidence 0.80, grayscale: True...
[2025-06-05 06:14:31] Searching for 'Gem Icon GemDeposit02.png' (file: C:\Users\Shadow\Desktop\project\rok-bot\rok_bot\images/GemDeposit02.png) with confidence 0.80, grayscale: True...
[2025-06-05 06:14:32] Searching for 'Gem Icon GemDeposit03.png' (file: C:\Users\Shadow\Desktop\project\rok-bot\rok_bot\images/GemDeposit03.png) with confidence 0.80, grayscale: True...
[2025-06-05 06:14:32] Searching for 'Gem Icon GemDeposit04.png' (file: C:\Users\Shadow\Desktop\project\rok-bot\rok_bot\images/GemDeposit04.png) with confidence 0.80, grayscale: True...
[2025-06-05 06:14:32] Searching for 'Gem Icon GemDeposit05.png' (file: C:\Users\Shadow\Desktop\project\rok-bot\rok_bot\images/GemDeposit05.png) with confidence 0.80, grayscale: True...
[2025-06-05 06:14:32] Searching for 'Gem Icon GemDeposit06.png' (file: C:\Users\Shadow\Desktop\project\rok-bot\rok_bot\images/GemDeposit06.png) with confidence 0.80, grayscale: True...
[2025-06-05 06:14:33] Searching for 'Gem Icon GemDeposit07.png' (file: C:\Users\Shadow\Desktop\project\rok-bot\rok_bot\images/GemDeposit07.png) with confidence 0.80, grayscale: True...
[2025-06-05 06:14:33] Searching for 'Gem Icon GemDeposit08.png' (file: C:\Users\Shadow\Desktop\project\rok-bot\rok_bot\images/GemDeposit08.png) with confidence 0.80, grayscale: True...
[2025-06-05 06:14:33] Searching for 'Gem Icon GemDepositD01.png' (file: C:\Users\Shadow\Desktop\project\rok-bot\rok_bot\images/GemDepositD01.png) with confidence 0.80, grayscale: True...
[2025-06-05 06:14:34] Searching for 'Gem Icon GemDepositD02.png' (file: C:\Users\Shadow\Desktop\project\rok-bot\rok_bot\images/GemDepositD02.png) with confidence 0.80, grayscale: True...
[2025-06-05 06:14:34] Searching for 'Gem Icon GemDepositD03.png' (file: C:\Users\Shadow\Desktop\project\rok-bot\rok_bot\images/GemDepositD03.png) with confidence 0.80, grayscale: True...
[2025-06-05 06:14:34] Searching for 'Gem Icon GemDepositD04.png' (file: C:\Users\Shadow\Desktop\project\rok-bot\rok_bot\images/GemDepositD04.png) with confidence 0.80, grayscale: True...
[2025-06-05 06:14:35] Searching for 'Gem Icon GemDepositD05.png' (file: C:\Users\Shadow\Desktop\project\rok-bot\rok_bot\images/GemDepositD05.png) with confidence 0.80, grayscale: True...
[2025-06-05 06:14:35] Searching for 'Gem Icon GemDepositD06.png' (file: C:\Users\Shadow\Desktop\project\rok-bot\rok_bot\images/GemDepositD06.png) with confidence 0.80, grayscale: True...
[2025-06-05 06:14:35] Searching for 'Gem Icon GemDepositD07.png' (file: C:\Users\Shadow\Desktop\project\rok-bot\rok_bot\images/GemDepositD07.png) with confidence 0.80, grayscale: True...
[2025-06-05 06:14:36] Searching for 'Gem Icon GemDepositD08.png' (file: C:\Users\Shadow\Desktop\project\rok-bot\rok_bot\images/GemDepositD08.png) with confidence 0.80, grayscale: True...
[2025-06-05 06:14:36] Searching for 'Gem Deposit (Day)' (file: C:\Users\Shadow\Desktop\project\rok-bot\rok_bot\images/gem_deposit_template.png) with confidence 0.80, grayscale: True...
[2025-06-05 06:14:36] Searching for 'Gem Deposit (Night)' (file: C:\Users\Shadow\Desktop\project\rok-bot\rok_bot\images/gem_deposit_template_night.png) with confidence 0.80, grayscale: True...
[2025-06-05 06:14:37] Found 'Gem Deposit (Night)' at: Box(left=np.int64(1019), top=np.int64(650), width=44, height=37)
[2025-06-05 06:14:37] GEM SPOTTED at Box(left=np.int64(1019), top=np.int64(650), width=44, height=37)! Pausing navigation to attempt farming.
[2025-06-05 06:14:37] 
--- Attempting to farm located gem ---
[2025-06-05 06:14:37] Calculated center for 'Click Located Initial Gem': (1041, 668)
[2025-06-05 06:14:37] Current mouse position BEFORE move: (1041, 668)
[2025-06-05 06:14:37] Mouse moved to (1041, 668) for 'Click Located Initial Gem' over 0.5s.
[2025-06-05 06:14:37] Waiting 0.40s before clicking 'Click Located Initial Gem'...
[2025-06-05 06:14:38] Using standard click method for 'Click Located Initial Gem'.
[2025-06-05 06:14:38] Action resembling click performed for 'Click Located Initial Gem' at (1041, 668)
[2025-06-05 06:14:38] DEBUG: Screenshot after initial click on located gem saved to C:\Users\Shadow\Desktop\project\rok-bot\rok_bot\debug_screenshots\after_initial_click_on_located_gem_20250605-061438.png. EXAMINE THIS.
[2025-06-05 06:14:38]        Verify if the game menu opened and if the 'Gather Button' is visible.
[2025-06-05 06:14:40] Searching for 'Verify Gem Gem.png' (file: C:\Users\Shadow\Desktop\project\rok-bot\rok_bot\images/Gem.png) with confidence 0.85, grayscale: True...
[2025-06-05 06:14:40] Found 'Verify Gem Gem.png' at: Box(left=np.int64(1468), top=np.int64(912), width=20, height=40)
[2025-06-05 06:14:40] Searching for 'Already Gathering (self)' (file: C:\Users\Shadow\Desktop\project\rok-bot\rok_bot\images/Gathering.png) with confidence 0.85, grayscale: True...
[2025-06-05 06:14:41] Searching for 'Already Gathering (self)' (file: C:\Users\Shadow\Desktop\project\rok-bot\rok_bot\images/Gathering2.png) with confidence 0.85, grayscale: True...
[2025-06-05 06:14:41] Searching for 'Gathered by Ally' (file: C:\Users\Shadow\Desktop\project\rok-bot\rok_bot\images/GatheringByAlly.png) with confidence 0.85, grayscale: True...
[2025-06-05 06:14:41] Searching for 'Gathered by Ally' (file: C:\Users\Shadow\Desktop\project\rok-bot\rok_bot\images/GatheringByAlly2.png) with confidence 0.85, grayscale: True...
[2025-06-05 06:14:42] Searching for 'Gathered by Enemy' (file: C:\Users\Shadow\Desktop\project\rok-bot\rok_bot\images/GatheringByEnemy.png) with confidence 0.85, grayscale: True...
[2025-06-05 06:14:42] Searching for 'Gathered by Enemy' (file: C:\Users\Shadow\Desktop\project\rok-bot\rok_bot\images/GatheringByEnemy2.png) with confidence 0.85, grayscale: True...
[2025-06-05 06:14:42] Searching for 'Gathered by Member' (file: C:\Users\Shadow\Desktop\project\rok-bot\rok_bot\images/GatheringByMember.png) with confidence 0.85, grayscale: True...
[2025-06-05 06:14:43] Searching for 'Gathered by Member' (file: C:\Users\Shadow\Desktop\project\rok-bot\rok_bot\images/GatheringByMember2.png) with confidence 0.85, grayscale: True...
[2025-06-05 06:14:43] Searching for 'Marching to Deposit' (file: C:\Users\Shadow\Desktop\project\rok-bot\rok_bot\images/GatheringBySelf.png) with confidence 0.85, grayscale: True...
[2025-06-05 06:14:43] Found 'Marching to Deposit' at: Box(left=np.int64(0), top=np.int64(0), width=4, height=4)
[2025-06-05 06:14:43] Troops already marching to this deposit. Skipping.
[2025-06-05 06:14:43] Deposit not available after verification. Skipping.
[2025-06-05 06:14:43] Farming attempt failed for the spotted gem. Resuming search.
[2025-06-05 06:14:43] Short pause before resuming map interaction...
[2025-06-05 06:14:45] Continuing with the current search pass after farming attempt...
[2025-06-05 06:14:45] 
Segment 5/5 of horizontal pass.
[2025-06-05 06:14:45] Scanning for gem deposits (Day or Night)...
[2025-06-05 06:14:45] Searching for 'Gem Icon GemDeposit01.png' (file: C:\Users\Shadow\Desktop\project\rok-bot\rok_bot\images/GemDeposit01.png) with confidence 0.80, grayscale: True...
[2025-06-05 06:14:46] Searching for 'Gem Icon GemDeposit02.png' (file: C:\Users\Shadow\Desktop\project\rok-bot\rok_bot\images/GemDeposit02.png) with confidence 0.80, grayscale: True...
[2025-06-05 06:14:46] Searching for 'Gem Icon GemDeposit03.png' (file: C:\Users\Shadow\Desktop\project\rok-bot\rok_bot\images/GemDeposit03.png) with confidence 0.80, grayscale: True...
[2025-06-05 06:14:46] Searching for 'Gem Icon GemDeposit04.png' (file: C:\Users\Shadow\Desktop\project\rok-bot\rok_bot\images/GemDeposit04.png) with confidence 0.80, grayscale: True...
[2025-06-05 06:14:46] Searching for 'Gem Icon GemDeposit05.png' (file: C:\Users\Shadow\Desktop\project\rok-bot\rok_bot\images/GemDeposit05.png) with confidence 0.80, grayscale: True...
[2025-06-05 06:14:47] Searching for 'Gem Icon GemDeposit06.png' (file: C:\Users\Shadow\Desktop\project\rok-bot\rok_bot\images/GemDeposit06.png) with confidence 0.80, grayscale: True...
[2025-06-05 06:14:47] Searching for 'Gem Icon GemDeposit07.png' (file: C:\Users\Shadow\Desktop\project\rok-bot\rok_bot\images/GemDeposit07.png) with confidence 0.80, grayscale: True...
[2025-06-05 06:14:47] Searching for 'Gem Icon GemDeposit08.png' (file: C:\Users\Shadow\Desktop\project\rok-bot\rok_bot\images/GemDeposit08.png) with confidence 0.80, grayscale: True...
[2025-06-05 06:14:48] Searching for 'Gem Icon GemDepositD01.png' (file: C:\Users\Shadow\Desktop\project\rok-bot\rok_bot\images/GemDepositD01.png) with confidence 0.80, grayscale: True...
[2025-06-05 06:14:48] Searching for 'Gem Icon GemDepositD02.png' (file: C:\Users\Shadow\Desktop\project\rok-bot\rok_bot\images/GemDepositD02.png) with confidence 0.80, grayscale: True...
[2025-06-05 06:14:48] Searching for 'Gem Icon GemDepositD03.png' (file: C:\Users\Shadow\Desktop\project\rok-bot\rok_bot\images/GemDepositD03.png) with confidence 0.80, grayscale: True...
[2025-06-05 06:14:49] Searching for 'Gem Icon GemDepositD04.png' (file: C:\Users\Shadow\Desktop\project\rok-bot\rok_bot\images/GemDepositD04.png) with confidence 0.80, grayscale: True...
[2025-06-05 06:14:49] Searching for 'Gem Icon GemDepositD05.png' (file: C:\Users\Shadow\Desktop\project\rok-bot\rok_bot\images/GemDepositD05.png) with confidence 0.80, grayscale: True...
[2025-06-05 06:14:49] Searching for 'Gem Icon GemDepositD06.png' (file: C:\Users\Shadow\Desktop\project\rok-bot\rok_bot\images/GemDepositD06.png) with confidence 0.80, grayscale: True...
[2025-06-05 06:14:50] Searching for 'Gem Icon GemDepositD07.png' (file: C:\Users\Shadow\Desktop\project\rok-bot\rok_bot\images/GemDepositD07.png) with confidence 0.80, grayscale: True...
[2025-06-05 06:14:50] Searching for 'Gem Icon GemDepositD08.png' (file: C:\Users\Shadow\Desktop\project\rok-bot\rok_bot\images/GemDepositD08.png) with confidence 0.80, grayscale: True...
[2025-06-05 06:14:50] Searching for 'Gem Deposit (Day)' (file: C:\Users\Shadow\Desktop\project\rok-bot\rok_bot\images/gem_deposit_template.png) with confidence 0.80, grayscale: True...
[2025-06-05 06:14:51] Searching for 'Gem Deposit (Night)' (file: C:\Users\Shadow\Desktop\project\rok-bot\rok_bot\images/gem_deposit_template_night.png) with confidence 0.80, grayscale: True...
[2025-06-05 06:14:51] Found 'Gem Deposit (Night)' at: Box(left=np.int64(1019), top=np.int64(650), width=44, height=37)
[2025-06-05 06:14:51] GEM SPOTTED at Box(left=np.int64(1019), top=np.int64(650), width=44, height=37)! Pausing navigation to attempt farming.
[2025-06-05 06:14:51] 
--- Attempting to farm located gem ---
[2025-06-05 06:14:51] Calculated center for 'Click Located Initial Gem': (1041, 668)
[2025-06-05 06:14:51] Current mouse position BEFORE move: (1041, 668)
[2025-06-05 06:14:52] Mouse moved to (1041, 668) for 'Click Located Initial Gem' over 0.5s.
[2025-06-05 06:14:52] Waiting 0.40s before clicking 'Click Located Initial Gem'...
[2025-06-05 06:14:52] Using standard click method for 'Click Located Initial Gem'.
[2025-06-05 06:14:52] Action resembling click performed for 'Click Located Initial Gem' at (1041, 668)
[2025-06-05 06:14:53] DEBUG: Screenshot after initial click on located gem saved to C:\Users\Shadow\Desktop\project\rok-bot\rok_bot\debug_screenshots\after_initial_click_on_located_gem_20250605-061452.png. EXAMINE THIS.
[2025-06-05 06:14:53]        Verify if the game menu opened and if the 'Gather Button' is visible.
